<?xml version="1.0" encoding="UTF-8"?>
<!-- Generated by org.testng.reporters.JUnitReportReporter -->
<testsuite hostname="taruns-mbp" failures="0" tests="1" name="com.xyz.petstore.tests.RequestPayloadDemo" time="3.181" errors="0" timestamp="2024-02-28T14:09:33 IST" skipped="0">
  <testcase classname="com.xyz.petstore.tests.RequestPayloadDemo" name="readPayloadJSON" time="3.181"/>
  <system-out/>
</testsuite> <!-- com.xyz.petstore.tests.RequestPayloadDemo -->
