<?xml version="1.0" encoding="UTF-8"?>
<!-- Generated by org.testng.reporters.JUnitReportReporter -->
<testsuite hostname="taruns-mbp" failures="0" tests="1" name="com.xyz.petstore.tests.PayloadFromFileDemo" time="2.991" errors="0" timestamp="2024-02-27T16:45:39 IST" skipped="0">
  <testcase classname="com.xyz.petstore.tests.PayloadFromFileDemo" name="readPayloadJSON" time="2.991"/>
  <system-out/>
</testsuite> <!-- com.xyz.petstore.tests.PayloadFromFileDemo -->
