<?xml version="1.0" encoding="UTF-8"?>
<!-- Generated by org.testng.reporters.JUnitReportReporter -->
<testsuite hostname="taruns-mbp" failures="0" tests="1" name="com.xyz.petstore.tests.PetTest" time="2.758" errors="0" timestamp="2024-01-05T18:02:12 IST" skipped="0">
  <testcase classname="com.xyz.petstore.tests.PetTest" name="verifyFindByStatusUsingDeserialization" time="2.758"/>
  <system-out/>
</testsuite> <!-- com.xyz.petstore.tests.PetTest -->
