<?xml version="1.0" encoding="UTF-8"?>
<!-- Generated by org.testng.reporters.JUnitReportReporter -->
<testsuite hostname="192.168.1.2" failures="0" tests="1" name="com.xyz.petstore.tests.PetTest" time="2.831" errors="0" timestamp="2024-01-03T17:27:18 IST" skipped="0">
  <testcase classname="com.xyz.petstore.tests.PetTest" name="verifyAddNewPet" time="2.831"/>
  <system-out/>
</testsuite> <!-- com.xyz.petstore.tests.PetTest -->
